SkyLock-Master/proguard/seeds.txt
com.larswerkman.holocolorpicker.R$styleable
com.larswerkman.holocolorpicker.R$styleable: int[] ColorBars
com.larswerkman.holocolorpicker.R$styleable: int ColorBars_bar_length
com.larswerkman.holocolorpicker.R$styleable: int ColorBars_bar_orientation_horizontal
com.larswerkman.holocolorpicker.R$styleable: int ColorBars_bar_pointer_halo_radius
com.larswerkman.holocolorpicker.R$styleable: int ColorBars_bar_pointer_radius
com.larswerkman.holocolorpicker.R$styleable: int ColorBars_bar_thickness
com.larswerkman.holocolorpicker.R$styleable: int[] ColorPicker
com.larswerkman.holocolorpicker.R$styleable: int ColorPicker_color_center_halo_radius
com.larswerkman.holocolorpicker.R$styleable: int ColorPicker_color_center_radius
com.larswerkman.holocolorpicker.R$styleable: int ColorPicker_color_pointer_halo_radius
com.larswerkman.holocolorpicker.R$styleable: int ColorPicker_color_pointer_radius
com.larswerkman.holocolorpicker.R$styleable: int ColorPicker_color_wheel_radius
com.larswerkman.holocolorpicker.R$styleable: int ColorPicker_color_wheel_thickness
com.larswerkman.holocolorpicker.SVBar: void setSaturation(float)
com.larswerkman.holocolorpicker.SVBar: void setValue(float)
com.larswerkman.holocolorpicker.SVBar: void setColor(int)
com.larswerkman.holocolorpicker.SVBar: int getColor()
com.larswerkman.holocolorpicker.SVBar: void setColorPicker(com.larswerkman.holocolorpicker.ColorPicker)
com.larswerkman.holocolorpicker.SaturationBar
com.larswerkman.holocolorpicker.SaturationBar: void setOnSaturationChangedListener(com.larswerkman.holocolorpicker.SaturationBar$OnSaturationChangedListener)
com.larswerkman.holocolorpicker.SaturationBar: com.larswerkman.holocolorpicker.SaturationBar$OnSaturationChangedListener getOnSaturationChangedListener()
com.larswerkman.holocolorpicker.SaturationBar: SaturationBar(android.content.Context)
com.larswerkman.holocolorpicker.SaturationBar: SaturationBar(android.content.Context,android.util.AttributeSet)
com.larswerkman.holocolorpicker.SaturationBar: SaturationBar(android.content.Context,android.util.AttributeSet,int)
com.larswerkman.holocolorpicker.SaturationBar: void setColor(int)
com.larswerkman.holocolorpicker.SaturationBar: void setSaturation(float)
com.larswerkman.holocolorpicker.SaturationBar: int getColor()
com.larswerkman.holocolorpicker.SaturationBar: void setColorPicker(com.larswerkman.holocolorpicker.ColorPicker)
com.larswerkman.holocolorpicker.ValueBar: void setOnValueChangedListener(com.larswerkman.holocolorpicker.ValueBar$OnValueChangedListener)
com.larswerkman.holocolorpicker.ValueBar: com.larswerkman.holocolorpicker.ValueBar$OnValueChangedListener getOnValueChangedListener()
com.larswerkman.holocolorpicker.ValueBar: void setColor(int)
com.larswerkman.holocolorpicker.ValueBar: void setValue(float)
com.larswerkman.holocolorpicker.ValueBar: int getColor()
com.larswerkman.holocolorpicker.ValueBar: void setColorPicker(com.larswerkman.holocolorpicker.ColorPicker)