SkyLock-Master/proguard/mapping.txt
com.umeng.analytics.c$6 -> com.umeng.analytics.q:
    java.lang.String a -> a
    java.lang.String b -> b
    com.umeng.analytics.c c -> c
    void a() -> a
com.umeng.analytics.d -> com.umeng.analytics.d:
    java.util.concurrent.ExecutorService a -> a
    long b -> b
    java.util.concurrent.ExecutorService c -> c
    void a(java.lang.Runnable) -> a
    void a() -> a
    void b(java.lang.Runnable) -> b
com.umeng.analytics.e -> com.umeng.analytics.e:
    void run() -> run
    void a() -> a
com.umeng.analytics.f -> com.umeng.analytics.f:
    com.umeng.analytics.f a -> a
    android.content.Context b -> b
    java.lang.String c -> c
    long d -> d
    long e -> e
    java.lang.String f -> f
    java.lang.String g -> g
    java.lang.String h -> h
    java.lang.String i -> i
    java.lang.String j -> j
    java.lang.String k -> k
    java.lang.String l -> l
    java.lang.String m -> m
    java.lang.String n -> n
    java.lang.String o -> o
    java.lang.String p -> p
    com.umeng.analytics.f a(android.content.Context) -> a
    boolean a(java.io.File) -> a
    void a(java.lang.String,java.lang.String,int,int) -> a
    java.lang.Object[] b(android.content.Context) -> b
    int[] a() -> a
    void a(int,int) -> a
    byte[] b() -> b
    void a(byte[]) -> a
    void c() -> c
    byte[] d() -> d
    void b(byte[]) -> b
    void e() -> e
    boolean f() -> f
    android.content.SharedPreferences k() -> k
    android.content.SharedPreferences g() -> g
    android.content.SharedPreferences h() -> h
    android.content.SharedPreferences i() -> i
    android.content.SharedPreferences j() -> j
    java.lang.String l() -> l
    java.lang.String m() -> m
    java.lang.String n() -> n
com.umeng.analytics.onlineconfig.UmengOnlineConfigureListener -> com.umeng.analytics.onlineconfig.UmengOnlineConfigureListener:
    void onDataReceived(org.json.JSONObject) -> onDataReceived
com.umeng.analytics.onlineconfig.a -> com.umeng.analytics.onlineconfig.a:
    java.lang.String h -> h
    java.lang.String i -> i
    java.lang.String j -> j
    java.lang.String a -> a
    java.lang.String b -> b
    java.lang.String c -> c
    java.lang.String d -> d
    java.lang.String e -> e
    java.lang.String f -> f
    java.lang.String g -> g
    com.umeng.analytics.onlineconfig.UmengOnlineConfigureListener k -> k
    com.umeng.analytics.onlineconfig.c l -> l
    long m -> m
    void a(android.content.Context) -> a
    void a(com.umeng.analytics.onlineconfig.UmengOnlineConfigureListener) -> a
    void a() -> a
    void a(com.umeng.analytics.onlineconfig.c) -> a
    void b() -> b
    void a(org.json.JSONObject) -> a
    org.json.JSONObject b(android.content.Context) -> b
    java.lang.String c(android.content.Context) -> c
    void a(android.content.Context,com.umeng.analytics.onlineconfig.b) -> a
    void b(android.content.Context,com.umeng.analytics.onlineconfig.b) -> b
    void a(com.umeng.analytics.onlineconfig.a,org.json.JSONObject) -> a
    org.json.JSONObject a(com.umeng.analytics.onlineconfig.a,android.content.Context) -> a
    com.umeng.analytics.onlineconfig.c a(com.umeng.analytics.onlineconfig.a) -> a
    void a(com.umeng.analytics.onlineconfig.a,android.content.Context,com.umeng.analytics.onlineconfig.b) -> a
    void b(com.umeng.analytics.onlineconfig.a,android.content.Context,com.umeng.analytics.onlineconfig.b) -> b
com.umeng.analytics.onlineconfig.a$a -> com.umeng.analytics.onlineconfig.a$a:
    org.json.JSONObject e -> e
    com.umeng.analytics.onlineconfig.a a -> a
    org.json.JSONObject a() -> a
    java.lang.String b() -> b
com.umeng.analytics.onlineconfig.a$b -> com.umeng.analytics.onlineconfig.a$b:
    android.content.Context a -> a
    com.umeng.analytics.onlineconfig.a b -> b
    void run() -> run
    boolean a() -> a
    void b() -> b