SkyLock-Master/proguard/usage.txt
com.yeagle.sky.lock.utils.FireFlyTypeface:
    6:6:public FireFlyTypeface()
com.yeagle.sky.lock.utils.IntentUtils:
    private static final java.lang.String SCHEME
    private static final java.lang.String SDK7
    private static final java.lang.String SDK8
    private static final java.lang.String SETTING_PACKAGE_NAME
    private static final java.lang.String DETAILS_CLASS_NAME
    8:8:public IntentUtils()
com.yeagle.sky.lock.utils.Log:
    5:5:public Log()
com.yeagle.sky.lock.utils.Preferences:
    10:10:public Preferences()
com.yeagle.sky.lock.utils.SharedUtils:
    6:6:public SharedUtils()
com.yeagle.sky.lock.utils.ShortCutUtils:
    13:13:public ShortCutUtils()
com.yeagle.sky.lock.view.AnimLayoutBase:
    19:21:public AnimLayoutBase(android.content.Context,android.util.AttributeSet,int)
    24:26:public AnimLayoutBase(android.content.Context,android.util.AttributeSet)
com.yeagle.sky.lock.view.FireflyLayout:
    public static final int MAX_NUM
    public static final int TOTAL_NUM
    22:24:public FireflyLayout(android.content.Context,android.util.AttributeSet,int)
    27:29:public FireflyLayout(android.content.Context,android.util.AttributeSet)
com.yeagle.sky.lock.view.LockView:
    private static final int CLOSE_ENOUGH
    private static final int INVALID_POINTER
    protected static final int MAX_SETTLE_DURATION
com.yeagle.sky.lock.view.PinLockView
me.imid.swipebacklayout.lib.R:
    9:9:public R()
me.imid.swipebacklayout.lib.SwipeBackLayout:
    private static final int MIN_FLING_VELOCITY
    private static final int DEFAULT_SCRIM_COLOR
    private static final int FULL_ALPHA
    public static final int EDGE_LEFT
    public static final int EDGE_RIGHT
    public static final int EDGE_BOTTOM
    public static final int EDGE_ALL
    public static final int STATE_IDLE
    public static final int STATE_DRAGGING
    public static final int STATE_SETTLING
    private static final float DEFAULT_SCROLL_THRESHOLD
    private static final int OVERSCROLL_DISTANCE
    169:170:public void setSensitivity(android.content.Context,float)
    256:260:public void removeSwipeListener(me.imid.swipebacklayout.lib.SwipeBackLayout$SwipeListener)
me.imid.swipebacklayout.lib.Utils:
    12:13:private Utils()
    29:34:public static void convertActivityFromTranslucent(android.app.Activity)
me.imid.swipebacklayout.lib.ViewDragHelper:
    private static final java.lang.String TAG
    public static final int INVALID_POINTER
    public static final int STATE_IDLE
    public static final int STATE_DRAGGING
    public static final int STATE_SETTLING
    public static final int EDGE_LEFT
    public static final int EDGE_RIGHT
    public static final int EDGE_TOP
    public static final int EDGE_BOTTOM
    public static final int EDGE_ALL
    public static final int DIRECTION_HORIZONTAL
    public static final int DIRECTION_VERTICAL
    public static final int DIRECTION_ALL
    public static final int EDGE_SIZE
    private static final int BASE_SETTLE_DURATION
    private static final int MAX_SETTLE_DURATION
    398:400:public static me.imid.swipebacklayout.lib.ViewDragHelper create(android.view.ViewGroup,float,me.imid.swipebacklayout.lib.ViewDragHelper$Callback)
    440:443:public void setSensitivity(android.content.Context,float)
    476:476:public float getMinVelocity()
    517:517:public int getEdgeSize()
    558:558:public android.view.View getCapturedView()
    566:566:public int getActivePointerId()
    574:574:public int getTouchSlop()
    597:607:public void abort()
    786:797:public void flingCapturedView(int,int,int,int)
    1009:1031:protected boolean canScroll(android.view.View,boolean,int,int,int,int)
    1394:1400:public boolean checkTouchSlop(int)
    1422:1439:public boolean checkTouchSlop(int,int)
    1454:1460:public boolean isEdgeTouched(int)
me.imid.swipebacklayout.lib.app.SwipeBackActivity:
    42:43:public void setSwipeBackEnable(boolean)
me.imid.swipebacklayout.lib.app.SwipeBackActivityBase